<?xml version="1.0" encoding="UTF-8"?>
<!-- Generated by org.testng.reporters.JUnitReportReporter -->
<testsuite hostname="DESKTOP-LD88KNN" failures="0" tests="1" name="com.testLayer.GetTranscationData" time="58.537" errors="0" timestamp="2022-10-24T17:25:20 PDT" skipped="0">
  <testcase classname="com.testLayer.GetTranscationData" name="getData" time="58.537"/>
  <system-out/>
</testsuite> <!-- com.testLayer.GetTranscationData -->
