<?xml version="1.0" encoding="UTF-8"?>
<!-- Generated by org.testng.reporters.JUnitReportReporter -->
<testsuite hostname="DESKTOP-LD88KNN" failures="0" tests="1" name="com.testLayer.BuyScenarioOfNSE" time="45.865" errors="0" timestamp="2022-11-15T11:22:09 IST" skipped="0">
  <testcase classname="com.testLayer.BuyScenarioOfNSE" name="buyShareWithCustomPrice" time="45.865"/>
  <system-out/>
</testsuite> <!-- com.testLayer.BuyScenarioOfNSE -->
