<?xml version="1.0" encoding="UTF-8"?>
<!-- Generated by org.testng.reporters.JUnitReportReporter -->
<testsuite hostname="DESKTOP-LD88KNN" failures="0" tests="1" name="com.testLayer.LoginPageTest" time="30.265" errors="0" timestamp="2022-10-29T17:52:32 PDT" skipped="0">
  <testcase classname="com.testLayer.LoginPageTest" name="logintest" time="30.265"/>
  <system-out/>
</testsuite> <!-- com.testLayer.LoginPageTest -->
