<?xml version="1.0" encoding="UTF-8"?>
<!-- Generated by org.testng.reporters.JUnitReportReporter -->
<testsuite hostname="DESKTOP-LD88KNN" failures="0" tests="1" name="com.testLayer.TransactionTest" time="71.731" errors="0" timestamp="2022-10-29T16:55:04 PDT" skipped="0">
  <testcase classname="com.testLayer.TransactionTest" name="transactionDetails" time="71.731"/>
  <system-out/>
</testsuite> <!-- com.testLayer.TransactionTest -->
