<?xml version="1.0" encoding="UTF-8"?>
<!-- Generated by org.testng.reporters.JUnitReportReporter -->
<testsuite hostname="DESKTOP-LD88KNN" failures="0" tests="1" name="com.testLayer.copy.SignUpTest" time="25.989" errors="0" timestamp="2022-10-28T15:43:24 PDT" skipped="0">
  <testcase classname="com.testLayer.copy.SignUpTest" name="signUpNow" time="25.989"/>
  <system-out/>
</testsuite> <!-- com.testLayer.copy.SignUpTest -->
