<?xml version="1.0" encoding="UTF-8"?>
<!-- Generated by org.testng.reporters.JUnitReportReporter -->
<testsuite hostname="DESKTOP-LD88KNN" failures="0" tests="1" name="com.testLayer.copy.SellScenarioOfStockCustomLimit" time="45.283" errors="0" timestamp="2022-10-28T16:10:24 PDT" skipped="0">
  <testcase classname="com.testLayer.copy.SellScenarioOfStockCustomLimit" name="SellSharewithCustomLimit" time="45.283"/>
  <system-out/>
</testsuite> <!-- com.testLayer.copy.SellScenarioOfStockCustomLimit -->
