<?xml version="1.0" encoding="UTF-8"?>
<!-- Generated by org.testng.reporters.JUnitReportReporter -->
<testsuite hostname="DESKTOP-LD88KNN" failures="0" tests="1" name="com.testLayer.BuyScenarioOfStock" time="34.575" errors="0" timestamp="2022-10-23T20:39:52 PDT" skipped="0">
  <testcase classname="com.testLayer.BuyScenarioOfStock" name="buyShare" time="34.575"/>
  <system-out/>
</testsuite> <!-- com.testLayer.BuyScenarioOfStock -->
