<?xml version="1.0" encoding="UTF-8"?>
<!-- Generated by org.testng.reporters.JUnitReportReporter -->
<testsuite hostname="DESKTOP-LD88KNN" failures="0" tests="1" name="com.testLayer.SellScenarioOfStockLongTerm" time="93.794" errors="0" timestamp="2022-10-28T17:21:09 PDT" skipped="0">
  <testcase classname="com.testLayer.SellScenarioOfStockLongTerm" name="SellShareforLongTerm" time="93.794"/>
  <system-out/>
</testsuite> <!-- com.testLayer.SellScenarioOfStockLongTerm -->
