<?xml version="1.0" encoding="UTF-8"?>
<!-- Generated by org.testng.reporters.JUnitReportReporter -->
<testsuite hostname="DESKTOP-LD88KNN" failures="0" tests="1" name="com.testLayer.copy.GetTranscationData" time="34.732" errors="0" timestamp="2022-10-28T15:51:33 PDT" skipped="0">
  <testcase classname="com.testLayer.copy.GetTranscationData" name="getData" time="34.732"/>
  <system-out/>
</testsuite> <!-- com.testLayer.copy.GetTranscationData -->
