<?xml version="1.0" encoding="UTF-8"?>
<!-- Generated by org.testng.reporters.JUnitReportReporter -->
<testsuite hostname="DESKTOP-LD88KNN" failures="0" tests="1" name="com.testLayer.copy.BuyScenarioOfStockLongTerm" time="53.754" errors="0" timestamp="2022-10-28T15:45:04 PDT" skipped="0">
  <testcase classname="com.testLayer.copy.BuyScenarioOfStockLongTerm" name="buyShareforLongTerm" time="53.754"/>
  <system-out/>
</testsuite> <!-- com.testLayer.copy.BuyScenarioOfStockLongTerm -->
