<?xml version="1.0" encoding="UTF-8"?>
<!-- Generated by org.testng.reporters.JUnitReportReporter -->
<testsuite hostname="DESKTOP-LD88KNN" failures="0" tests="1" name="com.testLayer.Forgotton_Password_Test" time="22.539" errors="0" timestamp="2022-10-24T15:59:09 PDT" skipped="0">
  <testcase classname="com.testLayer.Forgotton_Password_Test" name="forgotPassword" time="22.539"/>
  <system-out/>
</testsuite> <!-- com.testLayer.Forgotton_Password_Test -->
