<?xml version="1.0" encoding="UTF-8"?>
<!-- Generated by org.testng.reporters.JUnitReportReporter -->
<testsuite hostname="DESKTOP-LD88KNN" failures="0" tests="1" name="com.testLayer.SellScenarioOfStockCustomLimit" time="48.519" errors="0" timestamp="2022-10-28T15:54:11 PDT" skipped="0">
  <testcase classname="com.testLayer.SellScenarioOfStockCustomLimit" name="SellSharewithCustomLimit" time="48.519"/>
  <system-out/>
</testsuite> <!-- com.testLayer.SellScenarioOfStockCustomLimit -->
