<?xml version="1.0" encoding="UTF-8"?>
<!-- Generated by org.testng.reporters.JUnitReportReporter -->
<testsuite hostname="DESKTOP-LD88KNN" failures="0" tests="1" name="com.testLayer.LoginPageTest" time="20.373" errors="0" timestamp="2022-11-14T13:17:55 IST" skipped="0">
  <testcase classname="com.testLayer.LoginPageTest" name="logintest" time="20.373"/>
  <system-out/>
</testsuite> <!-- com.testLayer.LoginPageTest -->
