<?xml version="1.0" encoding="UTF-8"?>
<!-- Generated by org.testng.reporters.JUnitReportReporter -->
<testsuite hostname="DESKTOP-LD88KNN" failures="0" tests="1" name="com.testLayer.BuyScenarioOfStockLongTerm" time="29.346" errors="0" timestamp="2022-10-28T17:27:26 PDT" skipped="0">
  <testcase classname="com.testLayer.BuyScenarioOfStockLongTerm" name="buyShareforLongTerm" time="29.346"/>
  <system-out/>
</testsuite> <!-- com.testLayer.BuyScenarioOfStockLongTerm -->
