<?xml version="1.0" encoding="UTF-8"?>
<!-- Generated by org.testng.reporters.JUnitReportReporter -->
<testsuite hostname="DESKTOP-LD88KNN" failures="0" tests="1" name="com.testLayer.HomePageTest" time="26.492" errors="0" timestamp="2022-10-21T19:58:32 PDT" skipped="0">
  <testcase classname="com.testLayer.HomePageTest" name="buyforStock" time="26.492"/>
  <system-out/>
</testsuite> <!-- com.testLayer.HomePageTest -->
