<?xml version="1.0" encoding="UTF-8"?>
<!-- Generated by org.testng.reporters.JUnitReportReporter -->
<testsuite hostname="DESKTOP-LD88KNN" failures="0" tests="1" name="com.testLayer.copy.SellScenarioOfStockLongTerm" time="35.498" errors="0" timestamp="2022-10-28T15:46:15 PDT" skipped="0">
  <testcase classname="com.testLayer.copy.SellScenarioOfStockLongTerm" name="SellShareforLongTerm" time="35.498"/>
  <system-out/>
</testsuite> <!-- com.testLayer.copy.SellScenarioOfStockLongTerm -->
